<?xml version="1.0" encoding="UTF-8"?>
<testsuite xmlns:xsi="http://www.w3.org/2001/XMLSchema-instance" xsi:noNamespaceSchemaLocation="https://maven.apache.org/surefire/maven-surefire-plugin/xsd/surefire-test-report-3.0.xsd" version="3.0" name="TestSuite" time="30.1" tests="1" errors="0" skipped="0" failures="0">
  <properties>
[...]
</properties>
  <testcase name="scenario[&quot;SampleMobileApp Test&quot;, &quot;Optional[Sample feature]&quot;](1)" classname="runner.MobileTestRunner" time="0.676">
    <system-out><![CDATA[[TestNGContentHandler] [WARN] It is strongly recommended to add "<!DOCTYPE suite SYSTEM "http://testng.org/testng-1.0.dtd" >" at the top of your file, otherwise TestNG may fail or not work as expected.
Setup Test Suite
Creating Current Test
Starting Test: scenario
Thread ID: 13

@Mobile @Smoke
Scenario: SampleMobileApp Test # src/test/resources/features/sampleMobile.feature:7
  Given I launch app           # sampleSteps.SampleSteps.i_launch_app()
  Then the app will be visible # sampleSteps.SampleSteps.the_app_will_be_visible()
scenario: SampleMobileApp Test
]]></system-out>
    <system-err><![CDATA[Oct 25, 2022 10:55:44 AM io.appium.java_client.remote.AppiumCommandExecutor$1 lambda$0
INFO: Detected dialect: OSS
]]></system-err>
  </testcase>
</testsuite>